#
# There is insufficient memory for the Java Runtime Environment to continue.
# Native memory allocation (malloc) failed to allocate 1052816 bytes for Chunk::new
# Possible reasons:
#   The system is out of physical RAM or swap space
#   The process is running with CompressedOops enabled, and the Java Heap may be blocking the growth of the native heap
# Possible solutions:
#   Reduce memory load on the system
#   Increase physical memory or swap space
#   Check if swap backing store is full
#   Decrease Java heap size (-Xmx/-Xms)
#   Decrease number of Java threads
#   Decrease Java thread stack sizes (-Xss)
#   Set larger code cache with -XX:ReservedCodeCacheSize=
#   JVM is running with Unscaled Compressed Oops mode in which the Java heap is
#     placed in the first 4GB address space. The Java Heap base address is the
#     maximum limit for the native heap growth. Please use -XX:HeapBaseMinAddress
#     to set the Java Heap base and to place the Java Heap above 4GB virtual address.
# This output file may be truncated or incomplete.
#
#  Out of Memory Error (arena.cpp:189), pid=3704, tid=24016
#
# JRE version: OpenJDK Runtime Environment (17.0.7) (build 17.0.7+0-b2043.56-10550314)
# Java VM: OpenJDK 64-Bit Server VM (17.0.7+0-b2043.56-10550314, mixed mode, tiered, compressed oops, compressed class ptrs, g1 gc, windows-amd64)
# No core dump will be written. Minidumps are not enabled by default on client versions of Windows
#

---------------  S U M M A R Y ------------

Command Line: --add-opens=java.base/java.util=ALL-UNNAMED --add-opens=java.base/java.lang=ALL-UNNAMED --add-opens=java.base/java.lang.invoke=ALL-UNNAMED --add-opens=java.prefs/java.util.prefs=ALL-UNNAMED --add-opens=java.base/java.nio.charset=ALL-UNNAMED --add-opens=java.base/java.net=ALL-UNNAMED --add-opens=java.base/java.util.concurrent.atomic=ALL-UNNAMED -Xmx2048m -Dfile.encoding=UTF-8 -Duser.country=BR -Duser.language=pt -Duser.variant -javaagent:C:\Users\lucasoliveira-ieg\.gradle\wrapper\dists\gradle-8.7-bin\bhs2wmbdwecv87pi65oeuq5iu\gradle-8.7\lib\agents\gradle-instrumentation-agent-8.7.jar org.gradle.launcher.daemon.bootstrap.GradleDaemon 8.7

Host: 11th Gen Intel(R) Core(TM) i7-1185G7 @ 3.00GHz, 8 cores, 15G,  Windows 11 , 64 bit Build 22621 (10.0.22621.3958)
Time: Wed Oct 23 07:43:06 2024 Hora oficial do Brasil elapsed time: 10.049991 seconds (0d 0h 0m 10s)

---------------  T H R E A D  ---------------

Current thread (0x000001f6f1a8ebc0):  JavaThread "C2 CompilerThread0" daemon [_thread_in_native, id=24016, stack(0x000000d194a00000,0x000000d194b00000)]


Current CompileTask:
C2:  10050 4119       4       org.objectweb.asm.Frame::execute (2318 bytes)

Stack: [0x000000d194a00000,0x000000d194b00000]
Native frames: (J=compiled Java code, j=interpreted, Vv=VM code, C=native code)
V  [jvm.dll+0x683bfa]
V  [jvm.dll+0x8430a4]
V  [jvm.dll+0x8449be]
V  [jvm.dll+0x845023]
V  [jvm.dll+0x24ad2f]
V  [jvm.dll+0xac25c]
V  [jvm.dll+0xac82c]
V  [jvm.dll+0x2b218f]
V  [jvm.dll+0x58c2f7]
V  [jvm.dll+0x225a12]
V  [jvm.dll+0x225def]
V  [jvm.dll+0x21f0b5]
V  [jvm.dll+0x21c56b]
V  [jvm.dll+0x1a605d]
V  [jvm.dll+0x22c148]
V  [jvm.dll+0x22a209]
V  [jvm.dll+0x7f858c]
V  [jvm.dll+0x7f2aea]
V  [jvm.dll+0x682a35]
C  [ucrtbase.dll+0x29333]
C  [KERNEL32.DLL+0x1257d]
C  [ntdll.dll+0x5af28]


---------------  P R O C E S S  ---------------

Threads class SMR info:
_java_thread_list=0x000001f6f8483500, length=35, elements={
0x000001f6d7a367a0, 0x000001f6f1a4d010, 0x000001f6f1a4d7d0, 0x000001f6f1a74010,
0x000001f6f1a744e0, 0x000001f6f1a752b0, 0x000001f6f1a77880, 0x000001f6f1a8ebc0,
0x000001f6f1a8f270, 0x000001f6f1a8f870, 0x000001f6f1b2e530, 0x000001f6f1d82410,
0x000001f6f7dc4ad0, 0x000001f6f7dc5470, 0x000001f6f7dc1f80, 0x000001f6f7dc4130,
0x000001f6f7dc2450, 0x000001f6f7dc3790, 0x000001f6f7dc32c0, 0x000001f6f7dc3c60,
0x000001f6f7dc5940, 0x000001f6f7dc2920, 0x000001f6f7dc2df0, 0x000001f6f7dc4600,
0x000001f6f7dc4fa0, 0x000001f6f8c45d40, 0x000001f6f8c46bb0, 0x000001f6f8c44530,
0x000001f6f8c46210, 0x000001f6f8c47a20, 0x000001f6f8c466e0, 0x000001f6f8c44ed0,
0x000001f6f8c47550, 0x000001f6f8c44a00, 0x000001f6f7e20760
}

Java Threads: ( => current thread )
  0x000001f6d7a367a0 JavaThread "main" [_thread_blocked, id=24388, stack(0x000000d193c00000,0x000000d193d00000)]
  0x000001f6f1a4d010 JavaThread "Reference Handler" daemon [_thread_blocked, id=22508, stack(0x000000d194300000,0x000000d194400000)]
  0x000001f6f1a4d7d0 JavaThread "Finalizer" daemon [_thread_blocked, id=17124, stack(0x000000d194400000,0x000000d194500000)]
  0x000001f6f1a74010 JavaThread "Signal Dispatcher" daemon [_thread_blocked, id=12376, stack(0x000000d194600000,0x000000d194700000)]
  0x000001f6f1a744e0 JavaThread "Attach Listener" daemon [_thread_blocked, id=21836, stack(0x000000d194700000,0x000000d194800000)]
  0x000001f6f1a752b0 JavaThread "Service Thread" daemon [_thread_blocked, id=12356, stack(0x000000d194800000,0x000000d194900000)]
  0x000001f6f1a77880 JavaThread "Monitor Deflation Thread" daemon [_thread_blocked, id=23952, stack(0x000000d194900000,0x000000d194a00000)]
=>0x000001f6f1a8ebc0 JavaThread "C2 CompilerThread0" daemon [_thread_in_native, id=24016, stack(0x000000d194a00000,0x000000d194b00000)]
  0x000001f6f1a8f270 JavaThread "C1 CompilerThread0" daemon [_thread_blocked, id=5900, stack(0x000000d194b00000,0x000000d194c00000)]
  0x000001f6f1a8f870 JavaThread "Sweeper thread" daemon [_thread_blocked, id=24796, stack(0x000000d194c00000,0x000000d194d00000)]
  0x000001f6f1b2e530 JavaThread "Common-Cleaner" daemon [_thread_blocked, id=12316, stack(0x000000d194d00000,0x000000d194e00000)]
  0x000001f6f1d82410 JavaThread "Notification Thread" daemon [_thread_blocked, id=23476, stack(0x000000d194e00000,0x000000d194f00000)]
  0x000001f6f7dc4ad0 JavaThread "Daemon health stats" [_thread_blocked, id=5656, stack(0x000000d195700000,0x000000d195800000)]
  0x000001f6f7dc5470 JavaThread "Incoming local TCP Connector on port 62882" [_thread_in_native, id=19948, stack(0x000000d195000000,0x000000d195100000)]
  0x000001f6f7dc1f80 JavaThread "Daemon periodic checks" [_thread_blocked, id=24488, stack(0x000000d195100000,0x000000d195200000)]
  0x000001f6f7dc4130 JavaThread "Daemon" [_thread_blocked, id=22588, stack(0x000000d195900000,0x000000d195a00000)]
  0x000001f6f7dc2450 JavaThread "Handler for socket connection from /127.0.0.1:62882 to /127.0.0.1:62883" [_thread_in_native, id=3444, stack(0x000000d195a00000,0x000000d195b00000)]
  0x000001f6f7dc3790 JavaThread "Cancel handler" [_thread_blocked, id=7792, stack(0x000000d195b00000,0x000000d195c00000)]
  0x000001f6f7dc32c0 JavaThread "Daemon worker" [_thread_in_vm, id=22300, stack(0x000000d195c00000,0x000000d195d00000)]
  0x000001f6f7dc3c60 JavaThread "Asynchronous log dispatcher for DefaultDaemonConnection: socket connection from /127.0.0.1:62882 to /127.0.0.1:62883" [_thread_blocked, id=17372, stack(0x000000d195d00000,0x000000d195e00000)]
  0x000001f6f7dc5940 JavaThread "Stdin handler" [_thread_blocked, id=21844, stack(0x000000d195e00000,0x000000d195f00000)]
  0x000001f6f7dc2920 JavaThread "Daemon client event forwarder" [_thread_blocked, id=4728, stack(0x000000d195f00000,0x000000d196000000)]
  0x000001f6f7dc2df0 JavaThread "Cache worker for journal cache (C:\Users\lucasoliveira-ieg\.gradle\caches\journal-1)" [_thread_blocked, id=7336, stack(0x000000d196200000,0x000000d196300000)]
  0x000001f6f7dc4600 JavaThread "File lock request listener" [_thread_in_native, id=8776, stack(0x000000d196300000,0x000000d196400000)]
  0x000001f6f7dc4fa0 JavaThread "Cache worker for file hash cache (C:\Users\lucasoliveira-ieg\.gradle\caches\8.7\fileHashes)" [_thread_blocked, id=10876, stack(0x000000d196500000,0x000000d196600000)]
  0x000001f6f8c45d40 JavaThread "Cache worker for file hash cache (C:\Users\lucasoliveira-ieg\OneDrive\Documentos\INTERDISCIPLINAR\Mobile\.gradle\8.7\fileHashes)" [_thread_blocked, id=21444, stack(0x000000d196400000,0x000000d196500000)]
  0x000001f6f8c46bb0 JavaThread "File watcher server" daemon [_thread_in_native, id=5216, stack(0x000000d196600000,0x000000d196700000)]
  0x000001f6f8c44530 JavaThread "File watcher consumer" daemon [_thread_blocked, id=13936, stack(0x000000d196700000,0x000000d196800000)]
  0x000001f6f8c46210 JavaThread "Cache worker for checksums cache (C:\Users\lucasoliveira-ieg\OneDrive\Documentos\INTERDISCIPLINAR\Mobile\.gradle\8.7\checksums)" [_thread_blocked, id=15192, stack(0x000000d196800000,0x000000d196900000)]
  0x000001f6f8c47a20 JavaThread "Cache worker for cache directory md-supplier (C:\Users\lucasoliveira-ieg\.gradle\caches\8.7\md-supplier)" [_thread_blocked, id=5564, stack(0x000000d196900000,0x000000d196a00000)]
  0x000001f6f8c466e0 JavaThread "Cache worker for cache directory md-rule (C:\Users\lucasoliveira-ieg\.gradle\caches\8.7\md-rule)" [_thread_blocked, id=3240, stack(0x000000d196a00000,0x000000d196b00000)]
  0x000001f6f8c44ed0 JavaThread "Cache worker for file content cache (C:\Users\lucasoliveira-ieg\.gradle\caches\8.7\fileContent)" [_thread_blocked, id=13772, stack(0x000000d196b00000,0x000000d196c00000)]
  0x000001f6f8c47550 JavaThread "jar transforms" [_thread_blocked, id=22284, stack(0x000000d196c00000,0x000000d196d00000)]
  0x000001f6f8c44a00 JavaThread "jar transforms Thread 2" [_thread_blocked, id=20368, stack(0x000000d196d00000,0x000000d196e00000)]
  0x000001f6f7e20760 JavaThread "C2 CompilerThread1" daemon [_thread_in_native, id=16576, stack(0x000000d196e00000,0x000000d196f00000)]

Other Threads:
  0x000001f6f18a22c0 VMThread "VM Thread" [stack: 0x000000d194200000,0x000000d194300000] [id=1640]
  0x000001f6f1d828e0 WatcherThread [stack: 0x000000d194f00000,0x000000d195000000] [id=20596]
  0x000001f6d590ec80 GCTaskThread "GC Thread#0" [stack: 0x000000d193d00000,0x000000d193e00000] [id=14948]
  0x000001f6f736ecf0 GCTaskThread "GC Thread#1" [stack: 0x000000d195200000,0x000000d195300000] [id=12320]
  0x000001f6f736efa0 GCTaskThread "GC Thread#2" [stack: 0x000000d195300000,0x000000d195400000] [id=21412]
  0x000001f6f736b650 GCTaskThread "GC Thread#3" [stack: 0x000000d195400000,0x000000d195500000] [id=18376]
  0x000001f6f6a62330 GCTaskThread "GC Thread#4" [stack: 0x000000d195500000,0x000000d195600000] [id=17044]
  0x000001f6f736b900 GCTaskThread "GC Thread#5" [stack: 0x000000d195600000,0x000000d195700000] [id=24636]
  0x000001f6f844e820 GCTaskThread "GC Thread#6" [stack: 0x000000d195800000,0x000000d195900000] [id=2688]
  0x000001f6f7a92060 GCTaskThread "GC Thread#7" [stack: 0x000000d196000000,0x000000d196100000] [id=8744]
  0x000001f6d7a9e220 ConcurrentGCThread "G1 Main Marker" [stack: 0x000000d193e00000,0x000000d193f00000] [id=5552]
  0x000001f6d7a9ec30 ConcurrentGCThread "G1 Conc#0" [stack: 0x000000d193f00000,0x000000d194000000] [id=3700]
  0x000001f6f8fca940 ConcurrentGCThread "G1 Conc#1" [stack: 0x000000d196100000,0x000000d196200000] [id=15532]
  0x000001f6d7aee4b0 ConcurrentGCThread "G1 Refine#0" [stack: 0x000000d194000000,0x000000d194100000] [id=2816]
  0x000001f6d7aeeae0 ConcurrentGCThread "G1 Service" [stack: 0x000000d194100000,0x000000d194200000] [id=17360]

Threads with active compile tasks:
C2 CompilerThread0    10085 4119       4       org.objectweb.asm.Frame::execute (2318 bytes)
C2 CompilerThread1    10085 4133   !   4       jdk.internal.loader.URLClassPath$JarLoader::getResource (354 bytes)

VM state: not at safepoint (normal execution)

VM Mutex/Monitor currently owned by a thread: None

Heap address: 0x0000000080000000, size: 2048 MB, Compressed Oops mode: 32-bit

CDS archive(s) not mapped
Compressed class space mapped at: 0x0000000100000000-0x0000000140000000, reserved size: 1073741824
Narrow klass base: 0x0000000000000000, Narrow klass shift: 3, Narrow klass range: 0x140000000

GC Precious Log:
 CPUs: 8 total, 8 available
 Memory: 16064M
 Large Page Support: Disabled
 NUMA Support: Disabled
 Compressed Oops: Enabled (32-bit)
 Heap Region Size: 1M
 Heap Min Capacity: 8M
 Heap Initial Capacity: 252M
 Heap Max Capacity: 2G
 Pre-touch: Disabled
 Parallel Workers: 8
 Concurrent Workers: 2
 Concurrent Refinement Workers: 8
 Periodic GC: Disabled

Heap:
 garbage-first heap   total 71680K, used 51515K [0x0000000080000000, 0x0000000100000000)
  region size 1024K, 22 young (22528K), 2 survivors (2048K)
 Metaspace       used 47898K, committed 48384K, reserved 1114112K
  class space    used 6428K, committed 6656K, reserved 1048576K

Heap Regions: E=young(eden), S=young(survivor), O=old, HS=humongous(starts), HC=humongous(continues), CS=collection set, F=free, OA=open archive, CA=closed archive, TAMS=top-at-mark-start (previous, next)
|   0|0x0000000080000000, 0x0000000080100000, 0x0000000080100000|100%|HS|  |TAMS 0x0000000080100000, 0x0000000080000000| Complete 
|   1|0x0000000080100000, 0x0000000080200000, 0x0000000080200000|100%|HC|  |TAMS 0x0000000080200000, 0x0000000080100000| Complete 
|   2|0x0000000080200000, 0x0000000080300000, 0x0000000080300000|100%|HC|  |TAMS 0x0000000080300000, 0x0000000080200000| Complete 
|   3|0x0000000080300000, 0x0000000080400000, 0x0000000080400000|100%|HC|  |TAMS 0x0000000080400000, 0x0000000080300000| Complete 
|   4|0x0000000080400000, 0x0000000080500000, 0x0000000080500000|100%| O|  |TAMS 0x0000000080500000, 0x0000000080400000| Untracked 
|   5|0x0000000080500000, 0x0000000080600000, 0x0000000080600000|100%| O|  |TAMS 0x0000000080600000, 0x0000000080500000| Untracked 
|   6|0x0000000080600000, 0x0000000080700000, 0x0000000080700000|100%| O|  |TAMS 0x0000000080700000, 0x0000000080600000| Untracked 
|   7|0x0000000080700000, 0x0000000080800000, 0x0000000080800000|100%| O|  |TAMS 0x0000000080800000, 0x0000000080700000| Untracked 
|   8|0x0000000080800000, 0x0000000080900000, 0x0000000080900000|100%| O|  |TAMS 0x0000000080900000, 0x0000000080800000| Untracked 
|   9|0x0000000080900000, 0x0000000080a00000, 0x0000000080a00000|100%| O|  |TAMS 0x0000000080a00000, 0x0000000080900000| Untracked 
|  10|0x0000000080a00000, 0x0000000080a5fa00, 0x0000000080b00000| 37%| O|  |TAMS 0x0000000080a5fa00, 0x0000000080a00000| Untracked 
|  11|0x0000000080b00000, 0x0000000080c00000, 0x0000000080c00000|100%| O|  |TAMS 0x0000000080c00000, 0x0000000080b00000| Untracked 
|  12|0x0000000080c00000, 0x0000000080d00000, 0x0000000080d00000|100%| O|  |TAMS 0x0000000080d00000, 0x0000000080c00000| Untracked 
|  13|0x0000000080d00000, 0x0000000080e00000, 0x0000000080e00000|100%| O|  |TAMS 0x0000000080e00000, 0x0000000080d00000| Untracked 
|  14|0x0000000080e00000, 0x0000000080f00000, 0x0000000080f00000|100%| O|  |TAMS 0x0000000080f00000, 0x0000000080e00000| Untracked 
|  15|0x0000000080f00000, 0x0000000081000000, 0x0000000081000000|100%| O|  |TAMS 0x0000000081000000, 0x0000000080f00000| Untracked 
|  16|0x0000000081000000, 0x0000000081100000, 0x0000000081100000|100%| O|  |TAMS 0x0000000081100000, 0x0000000081000000| Untracked 
|  17|0x0000000081100000, 0x0000000081200000, 0x0000000081200000|100%| O|  |TAMS 0x0000000081200000, 0x0000000081100000| Untracked 
|  18|0x0000000081200000, 0x0000000081300000, 0x0000000081300000|100%| O|  |TAMS 0x0000000081300000, 0x0000000081200000| Untracked 
|  19|0x0000000081300000, 0x0000000081400000, 0x0000000081400000|100%| O|  |TAMS 0x0000000081400000, 0x0000000081300000| Untracked 
|  20|0x0000000081400000, 0x0000000081500000, 0x0000000081500000|100%| O|  |TAMS 0x0000000081500000, 0x0000000081400000| Untracked 
|  21|0x0000000081500000, 0x0000000081600000, 0x0000000081600000|100%| O|  |TAMS 0x0000000081600000, 0x0000000081500000| Untracked 
|  22|0x0000000081600000, 0x0000000081700000, 0x0000000081700000|100%| O|  |TAMS 0x0000000081700000, 0x0000000081600000| Untracked 
|  23|0x0000000081700000, 0x0000000081800000, 0x0000000081800000|100%| O|  |TAMS 0x0000000081800000, 0x0000000081700000| Untracked 
|  24|0x0000000081800000, 0x0000000081900000, 0x0000000081900000|100%| O|  |TAMS 0x0000000081900000, 0x0000000081800000| Untracked 
|  25|0x0000000081900000, 0x0000000081a00000, 0x0000000081a00000|100%| O|  |TAMS 0x0000000081a00000, 0x0000000081900000| Untracked 
|  26|0x0000000081a00000, 0x0000000081b00000, 0x0000000081b00000|100%| O|  |TAMS 0x0000000081b00000, 0x0000000081a00000| Untracked 
|  27|0x0000000081b00000, 0x0000000081c00000, 0x0000000081c00000|100%| O|  |TAMS 0x0000000081c00000, 0x0000000081b00000| Untracked 
|  28|0x0000000081c00000, 0x0000000081d00000, 0x0000000081d00000|100%| O|  |TAMS 0x0000000081c09e00, 0x0000000081c00000| Untracked 
|  29|0x0000000081d00000, 0x0000000081d00000, 0x0000000081e00000|  0%| F|  |TAMS 0x0000000081d00000, 0x0000000081d00000| Untracked 
|  30|0x0000000081e00000, 0x0000000081e00000, 0x0000000081f00000|  0%| F|  |TAMS 0x0000000081e00000, 0x0000000081e00000| Untracked 
|  31|0x0000000081f00000, 0x0000000081f00000, 0x0000000082000000|  0%| F|  |TAMS 0x0000000081f00000, 0x0000000081f00000| Untracked 
|  32|0x0000000082000000, 0x0000000082100000, 0x0000000082100000|100%| O|  |TAMS 0x0000000082000000, 0x0000000082000000| Untracked 
|  33|0x0000000082100000, 0x00000000821e6000, 0x0000000082200000| 89%| O|  |TAMS 0x0000000082100000, 0x0000000082100000| Untracked 
|  34|0x0000000082200000, 0x0000000082200000, 0x0000000082300000|  0%| F|  |TAMS 0x0000000082200000, 0x0000000082200000| Untracked 
|  35|0x0000000082300000, 0x0000000082300000, 0x0000000082400000|  0%| F|  |TAMS 0x0000000082300000, 0x0000000082300000| Untracked 
|  36|0x0000000082400000, 0x0000000082400000, 0x0000000082500000|  0%| F|  |TAMS 0x0000000082400000, 0x0000000082400000| Untracked 
|  37|0x0000000082500000, 0x0000000082500000, 0x0000000082600000|  0%| F|  |TAMS 0x0000000082500000, 0x0000000082500000| Untracked 
|  38|0x0000000082600000, 0x0000000082600000, 0x0000000082700000|  0%| F|  |TAMS 0x0000000082600000, 0x0000000082600000| Untracked 
|  39|0x0000000082700000, 0x0000000082700000, 0x0000000082800000|  0%| F|  |TAMS 0x0000000082700000, 0x0000000082700000| Untracked 
|  40|0x0000000082800000, 0x0000000082800000, 0x0000000082900000|  0%| F|  |TAMS 0x0000000082800000, 0x0000000082800000| Untracked 
|  41|0x0000000082900000, 0x0000000082900000, 0x0000000082a00000|  0%| F|  |TAMS 0x0000000082900000, 0x0000000082900000| Untracked 
|  42|0x0000000082a00000, 0x0000000082a00000, 0x0000000082b00000|  0%| F|  |TAMS 0x0000000082a00000, 0x0000000082a00000| Untracked 
|  43|0x0000000082b00000, 0x0000000082b00000, 0x0000000082c00000|  0%| F|  |TAMS 0x0000000082b00000, 0x0000000082b00000| Untracked 
|  44|0x0000000082c00000, 0x0000000082c00000, 0x0000000082d00000|  0%| F|  |TAMS 0x0000000082c00000, 0x0000000082c00000| Untracked 
|  45|0x0000000082d00000, 0x0000000082d095a0, 0x0000000082e00000|  3%| S|CS|TAMS 0x0000000082d00000, 0x0000000082d00000| Complete 
|  46|0x0000000082e00000, 0x0000000082f00000, 0x0000000082f00000|100%| S|CS|TAMS 0x0000000082e00000, 0x0000000082e00000| Complete 
|  47|0x0000000082f00000, 0x0000000082f00000, 0x0000000083000000|  0%| F|  |TAMS 0x0000000082f00000, 0x0000000082f00000| Untracked 
|  48|0x0000000083000000, 0x0000000083000000, 0x0000000083100000|  0%| F|  |TAMS 0x0000000083000000, 0x0000000083000000| Untracked 
|  49|0x0000000083100000, 0x0000000083100000, 0x0000000083200000|  0%| F|  |TAMS 0x0000000083100000, 0x0000000083100000| Untracked 
|  50|0x0000000083200000, 0x00000000832ebc08, 0x0000000083300000| 92%| E|  |TAMS 0x0000000083200000, 0x0000000083200000| Complete 
|  51|0x0000000083300000, 0x0000000083400000, 0x0000000083400000|100%| E|CS|TAMS 0x0000000083300000, 0x0000000083300000| Complete 
|  52|0x0000000083400000, 0x0000000083500000, 0x0000000083500000|100%| E|CS|TAMS 0x0000000083400000, 0x0000000083400000| Complete 
|  53|0x0000000083500000, 0x0000000083600000, 0x0000000083600000|100%| E|CS|TAMS 0x0000000083500000, 0x0000000083500000| Complete 
|  54|0x0000000083600000, 0x0000000083700000, 0x0000000083700000|100%| E|CS|TAMS 0x0000000083600000, 0x0000000083600000| Complete 
|  55|0x0000000083700000, 0x0000000083800000, 0x0000000083800000|100%| E|CS|TAMS 0x0000000083700000, 0x0000000083700000| Complete 
|  56|0x0000000083800000, 0x0000000083900000, 0x0000000083900000|100%| E|CS|TAMS 0x0000000083800000, 0x0000000083800000| Complete 
|  57|0x0000000083900000, 0x0000000083a00000, 0x0000000083a00000|100%| E|CS|TAMS 0x0000000083900000, 0x0000000083900000| Complete 
|  58|0x0000000083a00000, 0x0000000083b00000, 0x0000000083b00000|100%| E|CS|TAMS 0x0000000083a00000, 0x0000000083a00000| Complete 
|  59|0x0000000083b00000, 0x0000000083c00000, 0x0000000083c00000|100%| E|CS|TAMS 0x0000000083b00000, 0x0000000083b00000| Complete 
| 190|0x000000008be00000, 0x000000008bf00000, 0x000000008bf00000|100%| E|CS|TAMS 0x000000008be00000, 0x000000008be00000| Complete 
| 191|0x000000008bf00000, 0x000000008c000000, 0x000000008c000000|100%| E|CS|TAMS 0x000000008bf00000, 0x000000008bf00000| Complete 
| 192|0x000000008c000000, 0x000000008c100000, 0x000000008c100000|100%| E|CS|TAMS 0x000000008c000000, 0x000000008c000000| Complete 
| 193|0x000000008c100000, 0x000000008c200000, 0x000000008c200000|100%| E|CS|TAMS 0x000000008c100000, 0x000000008c100000| Complete 
| 194|0x000000008c200000, 0x000000008c300000, 0x000000008c300000|100%| E|CS|TAMS 0x000000008c200000, 0x000000008c200000| Complete 
| 195|0x000000008c300000, 0x000000008c400000, 0x000000008c400000|100%| E|CS|TAMS 0x000000008c300000, 0x000000008c300000| Complete 
| 196|0x000000008c400000, 0x000000008c500000, 0x000000008c500000|100%| E|CS|TAMS 0x000000008c400000, 0x000000008c400000| Complete 
| 197|0x000000008c500000, 0x000000008c600000, 0x000000008c600000|100%| E|CS|TAMS 0x000000008c500000, 0x000000008c500000| Complete 
| 198|0x000000008c600000, 0x000000008c700000, 0x000000008c700000|100%| E|CS|TAMS 0x000000008c600000, 0x000000008c600000| Complete 
| 251|0x000000008fb00000, 0x000000008fc00000, 0x000000008fc00000|100%| E|CS|TAMS 0x000000008fb00000, 0x000000008fb00000| Complete 

Card table byte_map: [0x000001f6ea630000,0x000001f6eaa30000] _byte_map_base: 0x000001f6ea230000

Marking Bits (Prev, Next): (CMBitMap*) 0x000001f6d7a8d930, (CMBitMap*) 0x000001f6d7a8d8f0
 Prev Bits: [0x000001f6ece30000, 0x000001f6eee30000)
 Next Bits: [0x000001f6eae30000, 0x000001f6ece30000)

Polling page: 0x000001f6d59d0000

Metaspace:

Usage:
  Non-class:     40.51 MB used.
      Class:      6.28 MB used.
       Both:     46.79 MB used.

Virtual space:
  Non-class space:       64.00 MB reserved,      40.75 MB ( 64%) committed,  1 nodes.
      Class space:        1.00 GB reserved,       6.50 MB ( <1%) committed,  1 nodes.
             Both:        1.06 GB reserved,      47.25 MB (  4%) committed. 

Chunk freelists:
   Non-Class:  6.78 MB
       Class:  9.42 MB
        Both:  16.20 MB

MaxMetaspaceSize: unlimited
CompressedClassSpaceSize: 1.00 GB
Initial GC threshold: 21.00 MB
Current GC threshold: 72.50 MB
CDS: off
MetaspaceReclaimPolicy: balanced
 - commit_granule_bytes: 65536.
 - commit_granule_words: 8192.
 - virtual_space_node_default_size: 8388608.
 - enlarge_chunks_in_place: 1.
 - new_chunks_are_fully_committed: 0.
 - uncommit_free_chunks: 1.
 - use_allocation_guard: 0.
 - handle_deallocations: 1.


Internal statistics:

num_allocs_failed_limit: 6.
num_arena_births: 478.
num_arena_deaths: 0.
num_vsnodes_births: 2.
num_vsnodes_deaths: 0.
num_space_committed: 756.
num_space_uncommitted: 0.
num_chunks_returned_to_freelist: 6.
num_chunks_taken_from_freelist: 1947.
num_chunk_merges: 6.
num_chunk_splits: 1297.
num_chunks_enlarged: 900.
num_inconsistent_stats: 0.

CodeHeap 'non-profiled nmethods': size=120000Kb used=1990Kb max_used=1990Kb free=118009Kb
 bounds [0x000001f6e29d0000, 0x000001f6e2c40000, 0x000001f6e9f00000]
CodeHeap 'profiled nmethods': size=120000Kb used=8455Kb max_used=8455Kb free=111544Kb
 bounds [0x000001f6daf00000, 0x000001f6db750000, 0x000001f6e2430000]
CodeHeap 'non-nmethods': size=5760Kb used=2306Kb max_used=2341Kb free=3454Kb
 bounds [0x000001f6e2430000, 0x000001f6e26a0000, 0x000001f6e29d0000]
 total_blobs=4924 nmethods=4120 adapters=716
 compilation: enabled
              stopped_count=0, restarted_count=0
 full_count=0

Compilation events (20 events):
Event: 8.980 Thread 0x000001f6f1a8f270 4127       3       org.objectweb.asm.FieldVisitor::<init> (7 bytes)
Event: 8.980 Thread 0x000001f6f1a8f270 nmethod 4127 0x000001f6db734d10 code [0x000001f6db734ec0, 0x000001f6db735008]
Event: 8.980 Thread 0x000001f6f1a8f270 4128       3       org.objectweb.asm.FieldVisitor::<init> (94 bytes)
Event: 8.981 Thread 0x000001f6f1a8f270 nmethod 4128 0x000001f6db735090 code [0x000001f6db7352e0, 0x000001f6db735be8]
Event: 8.981 Thread 0x000001f6f1a8f270 4129       3       org.objectweb.asm.FieldWriter::computeFieldInfoSize (86 bytes)
Event: 8.981 Thread 0x000001f6f1a8f270 nmethod 4129 0x000001f6db735e90 code [0x000001f6db736060, 0x000001f6db736338]
Event: 8.981 Thread 0x000001f6f1a8f270 4130       3       org.objectweb.asm.FieldWriter::putFieldInfo (269 bytes)
Event: 8.982 Thread 0x000001f6f1a8f270 nmethod 4130 0x000001f6db736490 code [0x000001f6db736720, 0x000001f6db7370a8]
Event: 8.987 Thread 0x000001f6f1a8f270 4131       3       jdk.internal.jimage.BasicImageReader::verifyLocation (39 bytes)
Event: 8.987 Thread 0x000001f6f1a8f270 nmethod 4131 0x000001f6db737410 code [0x000001f6db7375e0, 0x000001f6db7378a8]
Event: 8.989 Thread 0x000001f6f1a8f270 4132       3       org.gradle.cache.internal.DefaultCrossBuildInMemoryCacheFactory$AbstractCrossBuildInMemoryCache::getIfPresentWithoutLock (43 bytes)
Event: 8.989 Thread 0x000001f6f1a8f270 nmethod 4132 0x000001f6db737990 code [0x000001f6db737b60, 0x000001f6db737fa8]
Event: 9.047 Thread 0x000001f6f1a8f270 4134       3       java.lang.invoke.Invokers$Holder::linkToTargetMethod (15 bytes)
Event: 9.047 Thread 0x000001f6f1a8f270 nmethod 4134 0x000001f6db738110 code [0x000001f6db7382c0, 0x000001f6db7386d8]
Event: 9.047 Thread 0x000001f6f1a8f270 4135       3       java.lang.invoke.LambdaForm$DMH/0x0000000100280800::newInvokeSpecial (32 bytes)
Event: 9.047 Thread 0x000001f6f1a8f270 nmethod 4135 0x000001f6db738810 code [0x000001f6db738a00, 0x000001f6db739188]
Event: 9.178 Thread 0x000001f6f1a8f270 4136       1       javax.management.ObjectName$Property::setKeyIndex (6 bytes)
Event: 9.178 Thread 0x000001f6f1a8f270 nmethod 4136 0x000001f6e2bc0910 code [0x000001f6e2bc0aa0, 0x000001f6e2bc0b78]
Event: 9.178 Thread 0x000001f6f1a8f270 4137       1       sun.management.MemoryPoolImpl::getName (5 bytes)
Event: 9.178 Thread 0x000001f6f1a8f270 nmethod 4137 0x000001f6e2bc0c10 code [0x000001f6e2bc0da0, 0x000001f6e2bc0e78]

GC Heap History (20 events):
Event: 1.456 GC heap before
{Heap before GC invocations=1 (full 0):
 garbage-first heap   total 258048K, used 38997K [0x0000000080000000, 0x0000000100000000)
  region size 1024K, 31 young (31744K), 3 survivors (3072K)
 Metaspace       used 11412K, committed 11584K, reserved 1114112K
  class space    used 1197K, committed 1280K, reserved 1048576K
}
Event: 1.459 GC heap after
{Heap after GC invocations=2 (full 0):
 garbage-first heap   total 258048K, used 11534K [0x0000000080000000, 0x0000000100000000)
  region size 1024K, 1 young (1024K), 1 survivors (1024K)
 Metaspace       used 11412K, committed 11584K, reserved 1114112K
  class space    used 1197K, committed 1280K, reserved 1048576K
}
Event: 3.149 GC heap before
{Heap before GC invocations=2 (full 0):
 garbage-first heap   total 258048K, used 64782K [0x0000000080000000, 0x0000000100000000)
  region size 1024K, 53 young (54272K), 1 survivors (1024K)
 Metaspace       used 21296K, committed 21504K, reserved 1114112K
  class space    used 2518K, committed 2624K, reserved 1048576K
}
Event: 3.156 GC heap after
{Heap after GC invocations=3 (full 0):
 garbage-first heap   total 258048K, used 18959K [0x0000000080000000, 0x0000000100000000)
  region size 1024K, 9 young (9216K), 9 survivors (9216K)
 Metaspace       used 21296K, committed 21504K, reserved 1114112K
  class space    used 2518K, committed 2624K, reserved 1048576K
}
Event: 4.140 GC heap before
{Heap before GC invocations=4 (full 0):
 garbage-first heap   total 71680K, used 52751K [0x0000000080000000, 0x0000000100000000)
  region size 1024K, 42 young (43008K), 9 survivors (9216K)
 Metaspace       used 26135K, committed 26432K, reserved 1114112K
  class space    used 3367K, committed 3520K, reserved 1048576K
}
Event: 4.150 GC heap after
{Heap after GC invocations=5 (full 0):
 garbage-first heap   total 71680K, used 20712K [0x0000000080000000, 0x0000000100000000)
  region size 1024K, 3 young (3072K), 3 survivors (3072K)
 Metaspace       used 26135K, committed 26432K, reserved 1114112K
  class space    used 3367K, committed 3520K, reserved 1048576K
}
Event: 4.908 GC heap before
{Heap before GC invocations=5 (full 0):
 garbage-first heap   total 71680K, used 49384K [0x0000000080000000, 0x0000000100000000)
  region size 1024K, 31 young (31744K), 3 survivors (3072K)
 Metaspace       used 29963K, committed 30336K, reserved 1114112K
  class space    used 3996K, committed 4160K, reserved 1048576K
}
Event: 4.912 GC heap after
{Heap after GC invocations=6 (full 0):
 garbage-first heap   total 71680K, used 21967K [0x0000000080000000, 0x0000000100000000)
  region size 1024K, 4 young (4096K), 4 survivors (4096K)
 Metaspace       used 29963K, committed 30336K, reserved 1114112K
  class space    used 3996K, committed 4160K, reserved 1048576K
}
Event: 6.152 GC heap before
{Heap before GC invocations=6 (full 0):
 garbage-first heap   total 71680K, used 50639K [0x0000000080000000, 0x0000000100000000)
  region size 1024K, 33 young (33792K), 4 survivors (4096K)
 Metaspace       used 33630K, committed 33984K, reserved 1114112K
  class space    used 4608K, committed 4736K, reserved 1048576K
}
Event: 6.155 GC heap after
{Heap after GC invocations=7 (full 0):
 garbage-first heap   total 71680K, used 23399K [0x0000000080000000, 0x0000000100000000)
  region size 1024K, 4 young (4096K), 4 survivors (4096K)
 Metaspace       used 33630K, committed 33984K, reserved 1114112K
  class space    used 4608K, committed 4736K, reserved 1048576K
}
Event: 6.520 GC heap before
{Heap before GC invocations=7 (full 0):
 garbage-first heap   total 71680K, used 35687K [0x0000000080000000, 0x0000000100000000)
  region size 1024K, 17 young (17408K), 4 survivors (4096K)
 Metaspace       used 35674K, committed 35968K, reserved 1114112K
  class space    used 4922K, committed 5056K, reserved 1048576K
}
Event: 6.524 GC heap after
{Heap after GC invocations=8 (full 0):
 garbage-first heap   total 71680K, used 24077K [0x0000000080000000, 0x0000000100000000)
  region size 1024K, 2 young (2048K), 2 survivors (2048K)
 Metaspace       used 35674K, committed 35968K, reserved 1114112K
  class space    used 4922K, committed 5056K, reserved 1048576K
}
Event: 7.615 GC heap before
{Heap before GC invocations=9 (full 0):
 garbage-first heap   total 71680K, used 53773K [0x0000000080000000, 0x0000000100000000)
  region size 1024K, 32 young (32768K), 2 survivors (2048K)
 Metaspace       used 42304K, committed 42624K, reserved 1114112K
  class space    used 5703K, committed 5824K, reserved 1048576K
}
Event: 7.622 GC heap after
{Heap after GC invocations=10 (full 0):
 garbage-first heap   total 71680K, used 28002K [0x0000000080000000, 0x0000000100000000)
  region size 1024K, 4 young (4096K), 4 survivors (4096K)
 Metaspace       used 42304K, committed 42624K, reserved 1114112K
  class space    used 5703K, committed 5824K, reserved 1048576K
}
Event: 8.087 GC heap before
{Heap before GC invocations=10 (full 0):
 garbage-first heap   total 71680K, used 54626K [0x0000000080000000, 0x0000000100000000)
  region size 1024K, 30 young (30720K), 4 survivors (4096K)
 Metaspace       used 43489K, committed 43840K, reserved 1114112K
  class space    used 5829K, committed 6016K, reserved 1048576K
}
Event: 8.093 GC heap after
{Heap after GC invocations=11 (full 0):
 garbage-first heap   total 71680K, used 30996K [0x0000000080000000, 0x0000000100000000)
  region size 1024K, 3 young (3072K), 3 survivors (3072K)
 Metaspace       used 43489K, committed 43840K, reserved 1114112K
  class space    used 5829K, committed 6016K, reserved 1048576K
}
Event: 8.121 GC heap before
{Heap before GC invocations=11 (full 0):
 garbage-first heap   total 71680K, used 34068K [0x0000000080000000, 0x0000000100000000)
  region size 1024K, 5 young (5120K), 3 survivors (3072K)
 Metaspace       used 43535K, committed 43904K, reserved 1114112K
  class space    used 5834K, committed 6016K, reserved 1048576K
}
Event: 8.124 GC heap after
{Heap after GC invocations=12 (full 0):
 garbage-first heap   total 71680K, used 33535K [0x0000000080000000, 0x0000000100000000)
  region size 1024K, 1 young (1024K), 1 survivors (1024K)
 Metaspace       used 43535K, committed 43904K, reserved 1114112K
  class space    used 5834K, committed 6016K, reserved 1048576K
}
Event: 8.542 GC heap before
{Heap before GC invocations=13 (full 0):
 garbage-first heap   total 71680K, used 58111K [0x0000000080000000, 0x0000000100000000)
  region size 1024K, 23 young (23552K), 1 survivors (1024K)
 Metaspace       used 45746K, committed 46208K, reserved 1114112K
  class space    used 6079K, committed 6272K, reserved 1048576K
}
Event: 8.544 GC heap after
{Heap after GC invocations=14 (full 0):
 garbage-first heap   total 71680K, used 32059K [0x0000000080000000, 0x0000000100000000)
  region size 1024K, 2 young (2048K), 2 survivors (2048K)
 Metaspace       used 45746K, committed 46208K, reserved 1114112K
  class space    used 6079K, committed 6272K, reserved 1048576K
}

Dll operation events (3 events):
Event: 0.024 Loaded shared library C:\Program Files\Android\Android Studio\jbr\bin\java.dll
Event: 0.189 Loaded shared library C:\Program Files\Android\Android Studio\jbr\bin\zip.dll
Event: 0.553 Loaded shared library C:\Program Files\Android\Android Studio\jbr\bin\verify.dll

Deoptimization events (20 events):
Event: 8.449 Thread 0x000001f6f7dc32c0 DEOPT PACKING pc=0x000001f6db640295 sp=0x000000d195cf93e0
Event: 8.449 Thread 0x000001f6f7dc32c0 DEOPT UNPACKING pc=0x000001f6e248ace3 sp=0x000000d195cf8868 mode 0
Event: 8.517 Thread 0x000001f6f7dc32c0 DEOPT PACKING pc=0x000001f6db5a914e sp=0x000000d195cf8f60
Event: 8.517 Thread 0x000001f6f7dc32c0 DEOPT UNPACKING pc=0x000001f6e248ace3 sp=0x000000d195cf8428 mode 0
Event: 8.601 Thread 0x000001f6f7dc32c0 DEOPT PACKING pc=0x000001f6db2bcf88 sp=0x000000d195cf91e0
Event: 8.601 Thread 0x000001f6f7dc32c0 DEOPT UNPACKING pc=0x000001f6e248ace3 sp=0x000000d195cf86f8 mode 0
Event: 8.602 Thread 0x000001f6f7dc32c0 DEOPT PACKING pc=0x000001f6db2bcf88 sp=0x000000d195cf91e0
Event: 8.602 Thread 0x000001f6f7dc32c0 DEOPT UNPACKING pc=0x000001f6e248ace3 sp=0x000000d195cf86f8 mode 0
Event: 8.603 Thread 0x000001f6f7dc32c0 DEOPT PACKING pc=0x000001f6db2bcf88 sp=0x000000d195cf91e0
Event: 8.603 Thread 0x000001f6f7dc32c0 DEOPT UNPACKING pc=0x000001f6e248ace3 sp=0x000000d195cf86f8 mode 0
Event: 8.603 Thread 0x000001f6f7dc32c0 DEOPT PACKING pc=0x000001f6db2bcf88 sp=0x000000d195cf9010
Event: 8.603 Thread 0x000001f6f7dc32c0 DEOPT UNPACKING pc=0x000001f6e248ace3 sp=0x000000d195cf8528 mode 0
Event: 8.604 Thread 0x000001f6f7dc32c0 DEOPT PACKING pc=0x000001f6db2bcf88 sp=0x000000d195cf9010
Event: 8.604 Thread 0x000001f6f7dc32c0 DEOPT UNPACKING pc=0x000001f6e248ace3 sp=0x000000d195cf8528 mode 0
Event: 8.652 Thread 0x000001f6f7dc32c0 DEOPT PACKING pc=0x000001f6db2bcf88 sp=0x000000d195cf8980
Event: 8.652 Thread 0x000001f6f7dc32c0 DEOPT UNPACKING pc=0x000001f6e248ace3 sp=0x000000d195cf7e88 mode 0
Event: 8.984 Thread 0x000001f6f7dc32c0 Uncommon trap: trap_request=0xffffff45 fr.pc=0x000001f6e2b58e30 relative=0x0000000000000110
Event: 8.984 Thread 0x000001f6f7dc32c0 Uncommon trap: reason=unstable_if action=reinterpret pc=0x000001f6e2b58e30 method=java.util.Arrays.hashCode([Ljava/lang/Object;)I @ 34 c2
Event: 8.984 Thread 0x000001f6f7dc32c0 DEOPT PACKING pc=0x000001f6e2b58e30 sp=0x000000d195cf97f0
Event: 8.984 Thread 0x000001f6f7dc32c0 DEOPT UNPACKING pc=0x000001f6e248a1a3 sp=0x000000d195cf9768 mode 2

Classes unloaded (0 events):
No events

Classes redefined (0 events):
No events

Internal exceptions (20 events):
Event: 8.345 Thread 0x000001f6f7dc32c0 Exception <a 'java/lang/NoSuchMethodError'{0x000000008bf0a0a8}: 'java.lang.Object java.lang.invoke.Invokers$Holder.invoker(java.lang.Object, java.lang.Object, java.lang.Object, java.lang.Object, java.lang.Object)'> (0x000000008bf0a0a8) 
thrown [s\src\hotspot\share\interpreter\linkResolver.cpp, line 771]
Event: 8.348 Thread 0x000001f6f7dc32c0 Exception <a 'java/lang/NoSuchMethodError'{0x000000008bf27598}: 'java.lang.Object java.lang.invoke.DirectMethodHandle$Holder.invokeSpecial(java.lang.Object, java.lang.Object, java.lang.Object, java.lang.Object, java.lang.Object, java.lang.Object, java.lang.Object, java.lang.Object, java.lang.Object, java.lang.Object, java.lang.Object, java.lang.Object, java.lang.Object, java.lang.Object, java.lang.Object, java.lang.Object, java.lang.Object, java.lang.Object, java.lang.Object, java.lang.Object, java.lang.Ob
Event: 8.348 Thread 0x000001f6f7dc32c0 Exception <a 'java/lang/NoSuchMethodError'{0x000000008bf2d400}: 'java.lang.Object java.lang.invoke.DelegatingMethodHandle$Holder.reinvoke_L(java.lang.Object, java.lang.Object, java.lang.Object, java.lang.Object, java.lang.Object, java.lang.Object, java.lang.Object, java.lang.Object, java.lang.Object, java.lang.Object, java.lang.Object, java.lang.Object, java.lang.Object, java.lang.Object, java.lang.Object, java.lang.Object, java.lang.Object, java.lang.Object, java.lang.Object, java.lang.Object, java.lang.O
Event: 8.348 Thread 0x000001f6f7dc32c0 Exception <a 'java/lang/NoSuchMethodError'{0x000000008bf39330}: 'java.lang.Object java.lang.invoke.Invokers$Holder.invoker(java.lang.Object, java.lang.Object, java.lang.Object, java.lang.Object, java.lang.Object, java.lang.Object, java.lang.Object, java.lang.Object, java.lang.Object, java.lang.Object, java.lang.Object, java.lang.Object, java.lang.Object, java.lang.Object, java.lang.Object, java.lang.Object, java.lang.Object, java.lang.Object, java.lang.Object, java.lang.Object, java.lang.Object, java.lang.
Event: 8.349 Thread 0x000001f6f7dc32c0 Exception <a 'java/lang/NoSuchMethodError'{0x000000008bf40108}: 'java.lang.Object java.lang.invoke.DelegatingMethodHandle$Holder.delegate(java.lang.Object, java.lang.Object, java.lang.Object, java.lang.Object, java.lang.Object, java.lang.Object, java.lang.Object, java.lang.Object, java.lang.Object, java.lang.Object, java.lang.Object, java.lang.Object, java.lang.Object, java.lang.Object, java.lang.Object, java.lang.Object, java.lang.Object, java.lang.Object, java.lang.Object, java.lang.Object, java.lang.Obj
Event: 8.359 Thread 0x000001f6f7dc32c0 Exception <a 'java/lang/NoSuchMethodError'{0x000000008bfbafa0}: 'java.lang.Object java.lang.invoke.DirectMethodHandle$Holder.invokeStatic(java.lang.Object, java.lang.Object, java.lang.Object, java.lang.Object, java.lang.Object, java.lang.Object, java.lang.Object, java.lang.Object, java.lang.Object, java.lang.Object, java.lang.Object, java.lang.Object, java.lang.Object, java.lang.Object, java.lang.Object, java.lang.Object, java.lang.Object)'> (0x000000008bfbafa0) 
thrown [s\src\hotspot\share\interpreter\lin
Event: 8.361 Thread 0x000001f6f7dc32c0 Exception <a 'java/lang/NoSuchMethodError'{0x000000008bfe4448}: 'java.lang.Object java.lang.invoke.DirectMethodHandle$Holder.invokeStatic(java.lang.Object, java.lang.Object, java.lang.Object, java.lang.Object, java.lang.Object, java.lang.Object, java.lang.Object, java.lang.Object, java.lang.Object, java.lang.Object, java.lang.Object, java.lang.Object, java.lang.Object, java.lang.Object, java.lang.Object, java.lang.Object, java.lang.Object, java.lang.Object)'> (0x000000008bfe4448) 
thrown [s\src\hotspot\sha
Event: 8.362 Thread 0x000001f6f7dc32c0 Exception <a 'java/lang/NoSuchMethodError'{0x000000008be0ee50}: 'java.lang.Object java.lang.invoke.DirectMethodHandle$Holder.invokeStatic(java.lang.Object, java.lang.Object, java.lang.Object, java.lang.Object, java.lang.Object, java.lang.Object, java.lang.Object, java.lang.Object, java.lang.Object, java.lang.Object, java.lang.Object, java.lang.Object, java.lang.Object, java.lang.Object, java.lang.Object, java.lang.Object, java.lang.Object, java.lang.Object, java.lang.Object)'> (0x000000008be0ee50) 
thrown 
Event: 8.365 Thread 0x000001f6f7dc32c0 Exception <a 'java/lang/NoSuchMethodError'{0x000000008be3a810}: 'java.lang.Object java.lang.invoke.DirectMethodHandle$Holder.invokeStatic(java.lang.Object, java.lang.Object, java.lang.Object, java.lang.Object, java.lang.Object, java.lang.Object, java.lang.Object, java.lang.Object, java.lang.Object, java.lang.Object, java.lang.Object, java.lang.Object, java.lang.Object, java.lang.Object, java.lang.Object, java.lang.Object, java.lang.Object, java.lang.Object, java.lang.Object, java.lang.Object)'> (0x00000000
Event: 8.368 Thread 0x000001f6f7dc32c0 Exception <a 'java/lang/NoSuchMethodError'{0x000000008be69f60}: 'java.lang.Object java.lang.invoke.DirectMethodHandle$Holder.invokeStatic(java.lang.Object, java.lang.Object, java.lang.Object, java.lang.Object, java.lang.Object, java.lang.Object, java.lang.Object, java.lang.Object, java.lang.Object, java.lang.Object, java.lang.Object, java.lang.Object, java.lang.Object, java.lang.Object, java.lang.Object, java.lang.Object, java.lang.Object, java.lang.Object, java.lang.Object, java.lang.Object, java.lang.Obj
Event: 8.402 Thread 0x000001f6f7dc32c0 Exception <a 'java/lang/NoSuchMethodError'{0x000000008be97470}: 'java.lang.Object java.lang.invoke.DirectMethodHandle$Holder.invokeStatic(java.lang.Object, java.lang.Object, java.lang.Object, java.lang.Object, java.lang.Object, java.lang.Object, java.lang.Object, java.lang.Object, java.lang.Object, java.lang.Object, java.lang.Object, java.lang.Object, java.lang.Object, java.lang.Object, java.lang.Object, java.lang.Object, java.lang.Object, java.lang.Object, java.lang.Object, java.lang.Object, java.lang.Obj
Event: 8.405 Thread 0x000001f6f7dc32c0 Exception <a 'java/lang/NoSuchMethodError'{0x000000008bec59f0}: 'java.lang.Object java.lang.invoke.DirectMethodHandle$Holder.invokeStatic(java.lang.Object, java.lang.Object, java.lang.Object, java.lang.Object, java.lang.Object, java.lang.Object, java.lang.Object, java.lang.Object, java.lang.Object, java.lang.Object, java.lang.Object, java.lang.Object, java.lang.Object, java.lang.Object, java.lang.Object, java.lang.Object, java.lang.Object, java.lang.Object, java.lang.Object, java.lang.Object, java.lang.Obj
Event: 8.407 Thread 0x000001f6f7dc32c0 Exception <a 'java/lang/NoSuchMethodError'{0x000000008bef4c60}: 'java.lang.Object java.lang.invoke.DirectMethodHandle$Holder.invokeStatic(java.lang.Object, java.lang.Object, java.lang.Object, java.lang.Object, java.lang.Object, java.lang.Object, java.lang.Object, java.lang.Object, java.lang.Object, java.lang.Object, java.lang.Object, java.lang.Object, java.lang.Object, java.lang.Object, java.lang.Object, java.lang.Object, java.lang.Object, java.lang.Object, java.lang.Object, java.lang.Object, java.lang.Obj
Event: 8.409 Thread 0x000001f6f7dc32c0 Exception <a 'java/lang/NoSuchMethodError'{0x0000000083b25f70}: 'java.lang.Object java.lang.invoke.DirectMethodHandle$Holder.invokeStatic(java.lang.Object, java.lang.Object, java.lang.Object, java.lang.Object, java.lang.Object, java.lang.Object, java.lang.Object, java.lang.Object, java.lang.Object, java.lang.Object, java.lang.Object, java.lang.Object, java.lang.Object, java.lang.Object, java.lang.Object, java.lang.Object, java.lang.Object, java.lang.Object, java.lang.Object, java.lang.Object, java.lang.Obj
Event: 8.411 Thread 0x000001f6f7dc32c0 Exception <a 'java/lang/NoSuchMethodError'{0x0000000083b58438}: 'java.lang.Object java.lang.invoke.DirectMethodHandle$Holder.invokeStatic(java.lang.Object, java.lang.Object, java.lang.Object, java.lang.Object, java.lang.Object, java.lang.Object, java.lang.Object, java.lang.Object, java.lang.Object, java.lang.Object, java.lang.Object, java.lang.Object, java.lang.Object, java.lang.Object, java.lang.Object, java.lang.Object, java.lang.Object, java.lang.Object, java.lang.Object, java.lang.Object, java.lang.Obj
Event: 8.778 Thread 0x000001f6f7dc32c0 Exception <a 'java/lang/NoSuchMethodError'{0x000000008c16b1e8}: 'java.lang.Object java.lang.invoke.DirectMethodHandle$Holder.newInvokeSpecial(java.lang.Object, java.lang.Object, java.lang.Object, java.lang.Object, int)'> (0x000000008c16b1e8) 
thrown [s\src\hotspot\share\interpreter\linkResolver.cpp, line 771]
Event: 8.778 Thread 0x000001f6f7dc32c0 Exception <a 'java/lang/NoSuchMethodError'{0x000000008c170268}: 'java.lang.Object java.lang.invoke.DirectMethodHandle$Holder.invokeSpecial(java.lang.Object, java.lang.Object, java.lang.Object, java.lang.Object, java.lang.Object, int)'> (0x000000008c170268) 
thrown [s\src\hotspot\share\interpreter\linkResolver.cpp, line 771]
Event: 8.778 Thread 0x000001f6f7dc32c0 Exception <a 'java/lang/NoSuchMethodError'{0x000000008c174ee8}: 'java.lang.Object java.lang.invoke.Invokers$Holder.linkToTargetMethod(java.lang.Object, java.lang.Object, java.lang.Object, int, java.lang.Object)'> (0x000000008c174ee8) 
thrown [s\src\hotspot\share\interpreter\linkResolver.cpp, line 771]
Event: 8.841 Thread 0x000001f6f7dc32c0 Exception <a 'java/lang/NoSuchMethodError'{0x000000008bf43f28}: 'int java.lang.invoke.DirectMethodHandle$Holder.invokeInterface(java.lang.Object, java.lang.Object, java.lang.Object, java.lang.Object)'> (0x000000008bf43f28) 
thrown [s\src\hotspot\share\interpreter\linkResolver.cpp, line 771]
Event: 8.984 Thread 0x000001f6f7dc32c0 Implicit null exception at 0x000001f6e2b58d6c to 0x000001f6e2b58e14

VM Operations (20 events):
Event: 8.087 Executing VM operation: G1CollectForAllocation
Event: 8.093 Executing VM operation: G1CollectForAllocation done
Event: 8.121 Executing VM operation: G1TryInitiateConcMark
Event: 8.124 Executing VM operation: G1TryInitiateConcMark done
Event: 8.148 Executing VM operation: G1Concurrent
Event: 8.152 Executing VM operation: G1Concurrent done
Event: 8.164 Executing VM operation: G1Concurrent
Event: 8.164 Executing VM operation: G1Concurrent done
Event: 8.542 Executing VM operation: G1CollectForAllocation
Event: 8.544 Executing VM operation: G1CollectForAllocation done
Event: 8.802 Executing VM operation: HandshakeAllThreads
Event: 8.802 Executing VM operation: HandshakeAllThreads done
Event: 8.822 Executing VM operation: HandshakeAllThreads
Event: 8.822 Executing VM operation: HandshakeAllThreads done
Event: 8.839 Executing VM operation: HandshakeAllThreads
Event: 8.839 Executing VM operation: HandshakeAllThreads done
Event: 8.961 Executing VM operation: HandshakeAllThreads
Event: 8.961 Executing VM operation: HandshakeAllThreads done
Event: 9.969 Executing VM operation: Cleanup
Event: 9.969 Executing VM operation: Cleanup done

Events (20 events):
Event: 8.366 loading class java/lang/invoke/BoundMethodHandle$Species_LLLLLLLLLLLLLLLLLL
Event: 8.366 loading class java/lang/invoke/BoundMethodHandle$Species_LLLLLLLLLLLLLLLLLL done
Event: 8.387 loading class java/lang/invoke/BoundMethodHandle$Species_LLLLLLLLLLLLLLLLLLL
Event: 8.387 loading class java/lang/invoke/BoundMethodHandle$Species_LLLLLLLLLLLLLLLLLLL done
Event: 8.404 loading class java/lang/invoke/BoundMethodHandle$Species_LLLLLLLLLLLLLLLLLLLL
Event: 8.404 loading class java/lang/invoke/BoundMethodHandle$Species_LLLLLLLLLLLLLLLLLLLL done
Event: 8.406 loading class java/lang/invoke/BoundMethodHandle$Species_LLLLLLLLLLLLLLLLLLLLL
Event: 8.406 loading class java/lang/invoke/BoundMethodHandle$Species_LLLLLLLLLLLLLLLLLLLLL done
Event: 8.408 loading class java/lang/invoke/BoundMethodHandle$Species_LLLLLLLLLLLLLLLLLLLLLL
Event: 8.408 loading class java/lang/invoke/BoundMethodHandle$Species_LLLLLLLLLLLLLLLLLLLLLL done
Event: 8.410 loading class java/lang/invoke/BoundMethodHandle$Species_LLLLLLLLLLLLLLLLLLLLLLL
Event: 8.410 loading class java/lang/invoke/BoundMethodHandle$Species_LLLLLLLLLLLLLLLLLLLLLLL done
Event: 8.822 loading class java/util/ArrayList$ListItr
Event: 8.822 loading class java/util/ArrayList$ListItr done
Event: 9.031 loading class java/util/concurrent/atomic/AtomicReferenceFieldUpdater
Event: 9.031 loading class java/util/concurrent/atomic/AtomicReferenceFieldUpdater done
Event: 9.031 loading class java/util/concurrent/atomic/AtomicReferenceFieldUpdater$AtomicReferenceFieldUpdaterImpl
Event: 9.032 loading class java/util/concurrent/atomic/AtomicReferenceFieldUpdater$AtomicReferenceFieldUpdaterImpl done
Event: 9.032 loading class java/util/concurrent/atomic/AtomicReferenceFieldUpdater$AtomicReferenceFieldUpdaterImpl$1
Event: 9.032 loading class java/util/concurrent/atomic/AtomicReferenceFieldUpdater$AtomicReferenceFieldUpdaterImpl$1 done


Dynamic libraries:
0x00007ff708d30000 - 0x00007ff708d3a000 	C:\Program Files\Android\Android Studio\jbr\bin\java.exe
0x00007ffd99f50000 - 0x00007ffd9a167000 	C:\WINDOWS\SYSTEM32\ntdll.dll
0x00007ffd98900000 - 0x00007ffd989c4000 	C:\WINDOWS\System32\KERNEL32.DLL
0x00007ffd97470000 - 0x00007ffd9781d000 	C:\WINDOWS\System32\KERNELBASE.dll
0x00007ffd97820000 - 0x00007ffd97931000 	C:\WINDOWS\System32\ucrtbase.dll
0x00007ffd88ef0000 - 0x00007ffd88f07000 	C:\Program Files\Android\Android Studio\jbr\bin\jli.dll
0x00007ffd99d60000 - 0x00007ffd99f0e000 	C:\WINDOWS\System32\USER32.dll
0x00007ffd97380000 - 0x00007ffd973a6000 	C:\WINDOWS\System32\win32u.dll
0x00007ffd99210000 - 0x00007ffd99239000 	C:\WINDOWS\System32\GDI32.dll
0x00007ffd97940000 - 0x00007ffd97a59000 	C:\WINDOWS\System32\gdi32full.dll
0x00007ffd972e0000 - 0x00007ffd9737a000 	C:\WINDOWS\System32\msvcp_win.dll
0x00007ffd87450000 - 0x00007ffd8746b000 	C:\Program Files\Android\Android Studio\jbr\bin\VCRUNTIME140.dll
0x00007ffd79130000 - 0x00007ffd793c3000 	C:\WINDOWS\WinSxS\amd64_microsoft.windows.common-controls_6595b64144ccf1df_6.0.22621.3672_none_2713b9d173822955\COMCTL32.dll
0x00007ffd981b0000 - 0x00007ffd98257000 	C:\WINDOWS\System32\msvcrt.dll
0x00007ffd97c80000 - 0x00007ffd97cb1000 	C:\WINDOWS\System32\IMM32.DLL
0x00007ffd8b780000 - 0x00007ffd8b78c000 	C:\Program Files\Android\Android Studio\jbr\bin\vcruntime140_1.dll
0x00007ffd72400000 - 0x00007ffd7248d000 	C:\Program Files\Android\Android Studio\jbr\bin\msvcp140.dll
0x00007ffccc2c0000 - 0x00007ffcccf40000 	C:\Program Files\Android\Android Studio\jbr\bin\server\jvm.dll
0x00007ffd98d70000 - 0x00007ffd98e22000 	C:\WINDOWS\System32\ADVAPI32.dll
0x00007ffd99cb0000 - 0x00007ffd99d59000 	C:\WINDOWS\System32\sechost.dll
0x00007ffd97a60000 - 0x00007ffd97a88000 	C:\WINDOWS\System32\bcrypt.dll
0x00007ffd98260000 - 0x00007ffd98374000 	C:\WINDOWS\System32\RPCRT4.dll
0x00007ffd61e40000 - 0x00007ffd61e49000 	C:\WINDOWS\SYSTEM32\WSOCK32.dll
0x00007ffd98fa0000 - 0x00007ffd99011000 	C:\WINDOWS\System32\WS2_32.dll
0x00007ffd8cc70000 - 0x00007ffd8cca4000 	C:\WINDOWS\SYSTEM32\WINMM.dll
0x00007ffd8ced0000 - 0x00007ffd8ceda000 	C:\WINDOWS\SYSTEM32\VERSION.dll
0x00007ffd96280000 - 0x00007ffd96298000 	C:\WINDOWS\SYSTEM32\kernel.appcore.dll
0x00007ffd91440000 - 0x00007ffd9144a000 	C:\Program Files\Android\Android Studio\jbr\bin\jimage.dll
0x00007ffd948b0000 - 0x00007ffd94ae2000 	C:\WINDOWS\SYSTEM32\DBGHELP.DLL
0x00007ffd989d0000 - 0x00007ffd98d5e000 	C:\WINDOWS\System32\combase.dll
0x00007ffd99020000 - 0x00007ffd990f7000 	C:\WINDOWS\System32\OLEAUT32.dll
0x00007ffd770e0000 - 0x00007ffd77112000 	C:\WINDOWS\SYSTEM32\dbgcore.DLL
0x00007ffd97c00000 - 0x00007ffd97c7b000 	C:\WINDOWS\System32\bcryptPrimitives.dll
0x00007ffd8f7b0000 - 0x00007ffd8f7be000 	C:\Program Files\Android\Android Studio\jbr\bin\instrument.dll
0x00007ffd8d480000 - 0x00007ffd8d4a5000 	C:\Program Files\Android\Android Studio\jbr\bin\java.dll
0x00007ffd91420000 - 0x00007ffd91438000 	C:\Program Files\Android\Android Studio\jbr\bin\zip.dll
0x00007ffd99240000 - 0x00007ffd99aa7000 	C:\WINDOWS\System32\SHELL32.dll
0x00007ffd950f0000 - 0x00007ffd959ef000 	C:\WINDOWS\SYSTEM32\windows.storage.dll
0x00007ffd94fb0000 - 0x00007ffd950ef000 	C:\WINDOWS\SYSTEM32\wintypes.dll
0x00007ffd98800000 - 0x00007ffd988f9000 	C:\WINDOWS\System32\SHCORE.dll
0x00007ffd98f40000 - 0x00007ffd98f9e000 	C:\WINDOWS\System32\shlwapi.dll
0x00007ffd971a0000 - 0x00007ffd971c7000 	C:\WINDOWS\SYSTEM32\profapi.dll
0x00007ffd8b790000 - 0x00007ffd8b7a9000 	C:\Program Files\Android\Android Studio\jbr\bin\net.dll
0x00007ffd8e280000 - 0x00007ffd8e3b6000 	C:\WINDOWS\SYSTEM32\WINHTTP.dll
0x00007ffd966e0000 - 0x00007ffd96749000 	C:\WINDOWS\system32\mswsock.dll
0x00007ffd88f10000 - 0x00007ffd88f26000 	C:\Program Files\Android\Android Studio\jbr\bin\nio.dll
0x00007ffd913e0000 - 0x00007ffd913f0000 	C:\Program Files\Android\Android Studio\jbr\bin\verify.dll
0x00007ffd71ee0000 - 0x00007ffd71f07000 	C:\Users\lucasoliveira-ieg\.gradle\native\c067742578af261105cb4f569cf0c3c89f3d7b1fecec35dd04571415982c5e48\windows-amd64\native-platform.dll
0x00007ffd38f40000 - 0x00007ffd39084000 	C:\Users\lucasoliveira-ieg\.gradle\native\38dada09dfb8b06ba9b0570ebf7e218e3eb74d4ef43ca46872605cf95ebc2f47\windows-amd64\native-platform-file-events.dll
0x00007ffd91380000 - 0x00007ffd91389000 	C:\Program Files\Android\Android Studio\jbr\bin\management.dll
0x00007ffd8f7f0000 - 0x00007ffd8f7fb000 	C:\Program Files\Android\Android Studio\jbr\bin\management_ext.dll
0x00007ffd98e30000 - 0x00007ffd98e38000 	C:\WINDOWS\System32\PSAPI.DLL
0x00007ffd969d0000 - 0x00007ffd969eb000 	C:\WINDOWS\SYSTEM32\CRYPTSP.dll
0x00007ffd961e0000 - 0x00007ffd96215000 	C:\WINDOWS\system32\rsaenh.dll
0x00007ffd96780000 - 0x00007ffd967a8000 	C:\WINDOWS\SYSTEM32\USERENV.dll
0x00007ffd969b0000 - 0x00007ffd969bc000 	C:\WINDOWS\SYSTEM32\CRYPTBASE.dll
0x00007ffd95b10000 - 0x00007ffd95b3d000 	C:\WINDOWS\SYSTEM32\IPHLPAPI.DLL
0x00007ffd98d60000 - 0x00007ffd98d69000 	C:\WINDOWS\System32\NSI.dll
0x00007ffd8e0f0000 - 0x00007ffd8e109000 	C:\WINDOWS\SYSTEM32\dhcpcsvc6.DLL
0x00007ffd8e030000 - 0x00007ffd8e04f000 	C:\WINDOWS\SYSTEM32\dhcpcsvc.DLL
0x00007ffd95b40000 - 0x00007ffd95c38000 	C:\WINDOWS\SYSTEM32\DNSAPI.dll
0x00007ffcf8a80000 - 0x00007ffcf8a88000 	C:\WINDOWS\system32\wshunix.dll

dbghelp: loaded successfully - version: 4.0.5 - missing functions: none
symbol engine: initialized successfully - sym options: 0x614 - pdb path: .;C:\Program Files\Android\Android Studio\jbr\bin;C:\WINDOWS\SYSTEM32;C:\WINDOWS\WinSxS\amd64_microsoft.windows.common-controls_6595b64144ccf1df_6.0.22621.3672_none_2713b9d173822955;C:\Program Files\Android\Android Studio\jbr\bin\server;C:\Users\lucasoliveira-ieg\.gradle\native\c067742578af261105cb4f569cf0c3c89f3d7b1fecec35dd04571415982c5e48\windows-amd64;C:\Users\lucasoliveira-ieg\.gradle\native\38dada09dfb8b06ba9b0570ebf7e218e3eb74d4ef43ca46872605cf95ebc2f47\windows-amd64

VM Arguments:
jvm_args: --add-opens=java.base/java.util=ALL-UNNAMED --add-opens=java.base/java.lang=ALL-UNNAMED --add-opens=java.base/java.lang.invoke=ALL-UNNAMED --add-opens=java.prefs/java.util.prefs=ALL-UNNAMED --add-opens=java.base/java.nio.charset=ALL-UNNAMED --add-opens=java.base/java.net=ALL-UNNAMED --add-opens=java.base/java.util.concurrent.atomic=ALL-UNNAMED -Xmx2048m -Dfile.encoding=UTF-8 -Duser.country=BR -Duser.language=pt -Duser.variant -javaagent:C:\Users\lucasoliveira-ieg\.gradle\wrapper\dists\gradle-8.7-bin\bhs2wmbdwecv87pi65oeuq5iu\gradle-8.7\lib\agents\gradle-instrumentation-agent-8.7.jar 
java_command: org.gradle.launcher.daemon.bootstrap.GradleDaemon 8.7
java_class_path (initial): C:\Users\lucasoliveira-ieg\.gradle\wrapper\dists\gradle-8.7-bin\bhs2wmbdwecv87pi65oeuq5iu\gradle-8.7\lib\gradle-launcher-8.7.jar
Launcher Type: SUN_STANDARD

[Global flags]
     intx CICompilerCount                          = 4                                         {product} {ergonomic}
     uint ConcGCThreads                            = 2                                         {product} {ergonomic}
     uint G1ConcRefinementThreads                  = 8                                         {product} {ergonomic}
   size_t G1HeapRegionSize                         = 1048576                                   {product} {ergonomic}
    uintx GCDrainStackTargetSize                   = 64                                        {product} {ergonomic}
   size_t InitialHeapSize                          = 264241152                                 {product} {ergonomic}
   size_t MarkStackSize                            = 4194304                                   {product} {ergonomic}
   size_t MaxHeapSize                              = 2147483648                                {product} {command line}
   size_t MaxNewSize                               = 1287651328                                {product} {ergonomic}
   size_t MinHeapDeltaBytes                        = 1048576                                   {product} {ergonomic}
   size_t MinHeapSize                              = 8388608                                   {product} {ergonomic}
    uintx NonNMethodCodeHeapSize                   = 5839372                                {pd product} {ergonomic}
    uintx NonProfiledCodeHeapSize                  = 122909434                              {pd product} {ergonomic}
    uintx ProfiledCodeHeapSize                     = 122909434                              {pd product} {ergonomic}
    uintx ReservedCodeCacheSize                    = 251658240                              {pd product} {ergonomic}
     bool SegmentedCodeCache                       = true                                      {product} {ergonomic}
   size_t SoftMaxHeapSize                          = 2147483648                             {manageable} {ergonomic}
     bool UseCompressedClassPointers               = true                           {product lp64_product} {ergonomic}
     bool UseCompressedOops                        = true                           {product lp64_product} {ergonomic}
     bool UseG1GC                                  = true                                      {product} {ergonomic}
     bool UseLargePagesIndividualAllocation        = false                                  {pd product} {ergonomic}

Logging:
Log output configuration:
 #0: stdout all=warning uptime,level,tags
 #1: stderr all=off uptime,level,tags

Environment Variables:
PATH=C:\Program Files (x86)\Common Files\Oracle\Java\javapath;C:\WINDOWS\system32;C:\WINDOWS;C:\WINDOWS\System32\Wbem;C:\WINDOWS\System32\WindowsPowerShell\v1.0\;C:\WINDOWS\System32\OpenSSH\;C:\Program Files\nodejs\;C:\Program Files (x86)\Microsoft SQL Server\160\Tools\Binn\;C:\Program Files\Microsoft SQL Server\160\Tools\Binn\;C:\Program Files\Microsoft SQL Server\Client SDK\ODBC\170\Tools\Binn\;C:\Program Files\Microsoft SQL Server\160\DTS\Binn\;C:\Program Files (x86)\Microsoft SQL Server\160\DTS\Binn\;C:\Program Files\Azure Data Studio\bin;C:\Program Files\Docker\Docker\resources\bin;C:\Users\lucasoliveira-ieg\AppData\Local\Programs\Python\Python311\Scripts\;C:\Users\lucasoliveira-ieg\AppData\Local\Programs\Python\Python311\;C:\Users\lucasoliveira-ieg\AppData\Local\Microsoft\WindowsApps;C:\Users\lucasoliveira-ieg\AppData\Local\Programs\Git\cmd;C:\Users\lucasoliveira-ieg\AppData\Local\Programs\Microsoft VS Code\bin
USERNAME=lucasoliveira-ieg
OS=Windows_NT
PROCESSOR_IDENTIFIER=Intel64 Family 6 Model 140 Stepping 1, GenuineIntel
TMP=C:\Users\LUCASO~1\AppData\Local\Temp
TEMP=C:\Users\LUCASO~1\AppData\Local\Temp


JNI global refs:
JNI global refs: 25, weak refs: 1

JNI global refs memory usage: 843, weak refs: 841

OOME stack traces (most recent first):
Classloader memory used:
Loader org.gradle.internal.classloader.VisitableURLClassLoader                         : 2972K
Loader bootstrap                                                                       : 2339K
Loader org.gradle.initialization.MixInLegacyTypesClassLoader                           : 584K
Loader jdk.internal.loader.ClassLoaders$PlatformClassLoader                            : 67462B
Loader jdk.internal.loader.ClassLoaders$AppClassLoader                                 : 28714B
Loader jdk.internal.reflect.DelegatingClassLoader                                      : 4428B
Loader org.gradle.groovy.scripts.internal.DefaultScriptCompilationHandler$ScriptClassLoader: 1885B
Loader org.gradle.internal.classloader.VisitableURLClassLoader                         : 1558B
Loader org.codehaus.groovy.runtime.callsite.CallSiteClassLoader                        : 356B

Classes loaded by more than one classloader:
Class org.gradle.internal.installation.GradleInstallation                             : loaded 2 times (x 73B)
Class org.gradle.internal.classpath.ClassPath                                         : loaded 2 times (x 68B)
Class org.gradle.api.internal.classpath.DefaultModuleRegistry                         : loaded 2 times (x 84B)
Class org.gradle.api.Action                                                           : loaded 2 times (x 68B)
Class org.gradle.api.internal.DefaultClassPathProvider                                : loaded 2 times (x 74B)
Class org.gradle.internal.installation.GradleInstallation$1                           : loaded 2 times (x 73B)
Class org.gradle.internal.classloader.FilteringClassLoader                            : loaded 2 times (x 102B)
Class org.gradle.internal.classpath.DefaultClassPath$ImmutableUniqueList$Builder      : loaded 2 times (x 73B)
Class org.gradle.internal.classloader.ClassLoaderVisitor                              : loaded 2 times (x 74B)
Class org.gradle.internal.service.DefaultServiceLocator                               : loaded 2 times (x 81B)
Class org.gradle.internal.service.UnknownServiceException                             : loaded 2 times (x 81B)
Class org.gradle.internal.classloader.DefaultClassLoaderFactory                       : loaded 2 times (x 80B)
Class org.gradle.internal.classloader.VisitableURLClassLoader$Spec                    : loaded 2 times (x 72B)
Class org.gradle.api.GradleException                                                  : loaded 2 times (x 80B)
Class org.gradle.api.internal.classpath.ModuleRegistry                                : loaded 2 times (x 68B)
Class org.gradle.api.internal.ClassPathProvider                                       : loaded 2 times (x 68B)
Class org.gradle.internal.classloader.ClasspathUtil$1                                 : loaded 2 times (x 74B)
Class org.gradle.internal.classloader.ClassLoaderFactory                              : loaded 2 times (x 68B)
Class org.gradle.api.internal.classpath.ManifestUtil                                  : loaded 2 times (x 69B)
Class org.gradle.api.specs.Spec                                                       : loaded 2 times (x 68B)
Class org.gradle.internal.IoActions                                                   : loaded 2 times (x 69B)
Class org.gradle.api.internal.classpath.EffectiveClassPath                            : loaded 2 times (x 88B)
Class org.gradle.internal.installation.CurrentGradleInstallation                      : loaded 2 times (x 71B)
Class org.gradle.internal.agents.InstrumentingClassLoader                             : loaded 2 times (x 68B)
Class org.gradle.internal.installation.CurrentGradleInstallationLocator               : loaded 2 times (x 69B)
Class org.gradle.api.internal.classpath.Module                                        : loaded 2 times (x 68B)
Class org.gradle.internal.service.CachingServiceLocator                               : loaded 2 times (x 80B)
Class org.gradle.internal.classpath.DefaultClassPath                                  : loaded 2 times (x 88B)
Class org.gradle.internal.classloader.SystemClassLoaderSpec                           : loaded 2 times (x 69B)
Class org.gradle.api.UncheckedIOException                                             : loaded 2 times (x 80B)
Class org.gradle.internal.classloader.ClasspathUtil                                   : loaded 2 times (x 69B)
Class org.gradle.api.internal.DefaultClassPathRegistry                                : loaded 2 times (x 74B)
Class org.gradle.api.internal.classpath.DefaultModuleRegistry$DefaultModule           : loaded 2 times (x 84B)
Class org.gradle.api.internal.classpath.UnknownModuleException                        : loaded 2 times (x 80B)
Class org.gradle.internal.service.ServiceLookupException                              : loaded 2 times (x 80B)
Class org.gradle.cache.GlobalCache                                                    : loaded 2 times (x 68B)
Class [Lorg.gradle.api.internal.ClassPathProvider;                                    : loaded 2 times (x 67B)
Class org.gradle.util.internal.GUtil                                                  : loaded 2 times (x 69B)
Class org.gradle.internal.classloader.ClassLoaderSpec                                 : loaded 2 times (x 69B)
Class org.gradle.internal.classloader.VisitableURLClassLoader                         : loaded 2 times (x 114B)
Class org.gradle.internal.Cast                                                        : loaded 2 times (x 69B)
Class org.gradle.api.internal.ClassPathRegistry                                       : loaded 2 times (x 68B)
Class org.gradle.internal.classloader.VisitableURLClassLoader$InstrumentingVisitableURLClassLoader: loaded 2 times (x 120B)
Class org.gradle.internal.classloader.ClassLoaderHierarchy                            : loaded 2 times (x 68B)
Class org.gradle.internal.InternalTransformer                                         : loaded 2 times (x 68B)
Class org.gradle.internal.service.ServiceLocator                                      : loaded 2 times (x 68B)
Class org.gradle.internal.classpath.DefaultClassPath$ImmutableUniqueList              : loaded 2 times (x 159B)
Class org.gradle.internal.classpath.TransformedClassPath                              : loaded 2 times (x 94B)


---------------  S Y S T E M  ---------------

OS:
 Windows 11 , 64 bit Build 22621 (10.0.22621.3958)
OS uptime: 1 days 18:24 hours
Hyper-V role detected

CPU: total 8 (initial active 8) (4 cores per cpu, 2 threads per core) family 6 model 140 stepping 1 microcode 0xb6, cx8, cmov, fxsr, ht, mmx, 3dnowpref, sse, sse2, sse3, ssse3, sse4.1, sse4.2, popcnt, lzcnt, tsc, tscinvbit, avx, avx2, aes, erms, clmul, bmi1, bmi2, adx, avx512f, avx512dq, avx512cd, avx512bw, avx512vl, sha, fma, vzeroupper, avx512_vpopcntdq, avx512_vpclmulqdq, avx512_vaes, avx512_vnni, clflush, clflushopt, clwb, avx512_vbmi2, avx512_vbmi, hv

Memory: 4k page, system-wide physical 16064M (462M free)
TotalPageFile size 53690M (AvailPageFile size 2044M)
current process WorkingSet (physical memory assigned to process): 221M, peak: 221M
current process commit charge ("private bytes"): 255M, peak: 403M

vm_info: OpenJDK 64-Bit Server VM (17.0.7+0-b2043.56-10550314) for windows-amd64 JRE (17.0.7+0-b2043.56-10550314), built on Jul 24 2023 18:27:45 by "androidbuild" with MS VC++ 16.10 / 16.11 (VS2019)

END.
